#
# There is insufficient memory for the Java Runtime Environment to continue.
# Native memory allocation (mmap) failed to map 268435456 bytes. Error detail: G1 virtual space
# Possible reasons:
#   The system is out of physical RAM or swap space
#   This process is running with CompressedOops enabled, and the Java Heap may be blocking the growth of the native heap
# Possible solutions:
#   Reduce memory load on the system
#   Increase physical memory or swap space
#   Check if swap backing store is full
#   Decrease Java heap size (-Xmx/-Xms)
#   Decrease number of Java threads
#   Decrease Java thread stack sizes (-Xss)
#   Set larger code cache with -XX:ReservedCodeCacheSize=
#   JVM is running with Zero Based Compressed Oops mode in which the Java heap is
#     placed in the first 32GB address space. The Java Heap base address is the
#     maximum limit for the native heap growth. Please use -XX:HeapBaseMinAddress
#     to set the Java Heap base and to place the Java Heap above 32GB virtual address.
# This output file may be truncated or incomplete.
#
#  Out of Memory Error (os_windows.cpp:3613), pid=8084, tid=9632
#
# JRE version:  (17.0.11+9) (build )
# Java VM: OpenJDK 64-Bit Server VM (17.0.11+9-LTS, mixed mode, emulated-client, sharing, tiered, compressed oops, compressed class ptrs, g1 gc, windows-amd64)
# No core dump will be written. Minidumps are not enabled by default on client versions of Windows
#

---------------  S U M M A R Y ------------

Command Line: -XX:TieredStopAtLevel=1 -Dspring.output.ansi.enabled=always -Dcom.sun.management.jmxremote -Dspring.jmx.enabled=true -Dspring.liveBeansView.mbeanDomain -Dspring.application.admin.enabled=true -Dmanagement.endpoints.jmx.exposure.include=* -javaagent:C:\Program Files\JetBrains\IntelliJ IDEA 2024.1.4\lib\idea_rt.jar=61700:C:\Program Files\JetBrains\IntelliJ IDEA 2024.1.4\bin -Dfile.encoding=UTF-8 com.test.wallet_demo.WalletDemoApplication

Host: Intel(R) Core(TM) i7-7700HQ CPU @ 2.80GHz, 8 cores, 15G,  Windows 10 , 64 bit Build 19041 (10.0.19041.3636)
Time: Wed Jun 26 12:09:58 2024 Hora oficial do Brasil elapsed time: 0.025516 seconds (0d 0h 0m 0s)

---------------  T H R E A D  ---------------

Current thread (0x0000021c76d0e190):  JavaThread "Unknown thread" [_thread_in_vm, id=9632, stack(0x000000850a600000,0x000000850a700000)]

Stack: [0x000000850a600000,0x000000850a700000]
Native frames: (J=compiled Java code, j=interpreted, Vv=VM code, C=native code)
V  [jvm.dll+0x67d009]
V  [jvm.dll+0x83489a]
V  [jvm.dll+0x83635e]
V  [jvm.dll+0x8369c3]
V  [jvm.dll+0x2479df]
V  [jvm.dll+0x679e49]
V  [jvm.dll+0x66e8ba]
V  [jvm.dll+0x30755b]
V  [jvm.dll+0x30ea06]
V  [jvm.dll+0x35e40e]
V  [jvm.dll+0x35e63f]
V  [jvm.dll+0x2de298]
V  [jvm.dll+0x2df204]
V  [jvm.dll+0x806221]
V  [jvm.dll+0x36c161]
V  [jvm.dll+0x7e4c56]
V  [jvm.dll+0x3ef9cf]
V  [jvm.dll+0x3f1521]
C  [jli.dll+0x528f]
C  [ucrtbase.dll+0x21bb2]
C  [KERNEL32.DLL+0x17344]
C  [ntdll.dll+0x4cc91]


---------------  P R O C E S S  ---------------

Threads class SMR info:
_java_thread_list=0x00007ff8f6aeeed8, length=0, elements={
}

Java Threads: ( => current thread )

Other Threads:
  0x0000021c76d78ea0 GCTaskThread "GC Thread#0" [stack: 0x000000850a700000,0x000000850a800000] [id=4848]
  0x0000021c76d89c30 ConcurrentGCThread "G1 Main Marker" [stack: 0x000000850a800000,0x000000850a900000] [id=9564]
  0x0000021c76d8adf0 ConcurrentGCThread "G1 Conc#0" [stack: 0x000000850a900000,0x000000850aa00000] [id=14788]

[error occurred during error reporting (printing all threads), id 0xc0000005, EXCEPTION_ACCESS_VIOLATION (0xc0000005) at pc=0x00007ff8f62aecd7]

VM state: not at safepoint (not fully initialized)

VM Mutex/Monitor currently owned by a thread:  ([mutex/lock_event])
[0x0000021c76d0a5c0] Heap_lock - owner thread: 0x0000021c76d0e190

Heap address: 0x0000000701c00000, size: 4068 MB, Compressed Oops mode: Zero based, Oop shift amount: 3

CDS archive(s) mapped at: [0x0000000000000000-0x0000000000000000-0x0000000000000000), size 0, SharedBaseAddress: 0x0000000800000000, ArchiveRelocationMode: 1.
Narrow klass base: 0x0000000000000000, Narrow klass shift: 0, Narrow klass range: 0x0

GC Precious Log:
<Empty>

Heap:
 garbage-first heap   total 0K, used 0K [0x0000000701c00000, 0x0000000800000000)
  region size 2048K, 0 young (0K), 0 survivors (0K)

[error occurred during error reporting (printing heap information), id 0xc0000005, EXCEPTION_ACCESS_VIOLATION (0xc0000005) at pc=0x00007ff8f6696d29]

GC Heap History (0 events):
No events

Dll operation events (1 events):
Event: 0.018 Loaded shared library C:\Users\carol\.jdks\corretto-17.0.11\bin\java.dll

Deoptimization events (0 events):
No events

Classes unloaded (0 events):
No events

Classes redefined (0 events):
No events

Internal exceptions (0 events):
No events

VM Operations (0 events):
No events

Events (0 events):
No events


Dynamic libraries:
0x00007ff674ec0000 - 0x00007ff674ece000 	C:\Users\carol\.jdks\corretto-17.0.11\bin\java.exe
0x00007ff937b70000 - 0x00007ff937d68000 	C:\Windows\SYSTEM32\ntdll.dll
0x00007ff937570000 - 0x00007ff93762d000 	C:\Windows\System32\KERNEL32.DLL
0x00007ff9355b0000 - 0x00007ff9358a6000 	C:\Windows\System32\KERNELBASE.dll
0x00007ff935260000 - 0x00007ff935360000 	C:\Windows\System32\ucrtbase.dll
0x00007ff931410000 - 0x00007ff93142b000 	C:\Users\carol\.jdks\corretto-17.0.11\bin\VCRUNTIME140.dll
0x00007ff9328b0000 - 0x00007ff9328c7000 	C:\Users\carol\.jdks\corretto-17.0.11\bin\jli.dll
0x00007ff937990000 - 0x00007ff937b2f000 	C:\Windows\System32\USER32.dll
0x00007ff935230000 - 0x00007ff935252000 	C:\Windows\System32\win32u.dll
0x00007ff91fe70000 - 0x00007ff92010a000 	C:\Windows\WinSxS\amd64_microsoft.windows.common-controls_6595b64144ccf1df_6.0.19041.4355_none_60b8b9eb71f62e16\COMCTL32.dll
0x00007ff936070000 - 0x00007ff93609b000 	C:\Windows\System32\GDI32.dll
0x00007ff9368a0000 - 0x00007ff93693e000 	C:\Windows\System32\msvcrt.dll
0x00007ff935490000 - 0x00007ff9355a7000 	C:\Windows\System32\gdi32full.dll
0x00007ff9358b0000 - 0x00007ff93594d000 	C:\Windows\System32\msvcp_win.dll
0x00007ff936660000 - 0x00007ff93668f000 	C:\Windows\System32\IMM32.DLL
0x00007ff932280000 - 0x00007ff93228c000 	C:\Users\carol\.jdks\corretto-17.0.11\bin\vcruntime140_1.dll
0x00007ff91a530000 - 0x00007ff91a5bd000 	C:\Users\carol\.jdks\corretto-17.0.11\bin\msvcp140.dll
0x00007ff8f5fc0000 - 0x00007ff8f6c22000 	C:\Users\carol\.jdks\corretto-17.0.11\bin\server\jvm.dll
0x00007ff9366c0000 - 0x00007ff936770000 	C:\Windows\System32\ADVAPI32.dll
0x00007ff937380000 - 0x00007ff937420000 	C:\Windows\System32\sechost.dll
0x00007ff9369d0000 - 0x00007ff936af3000 	C:\Windows\System32\RPCRT4.dll
0x00007ff935360000 - 0x00007ff935387000 	C:\Windows\System32\bcrypt.dll
0x00007ff928d10000 - 0x00007ff928d19000 	C:\Windows\SYSTEM32\WSOCK32.dll
0x00007ff92aa00000 - 0x00007ff92aa27000 	C:\Windows\SYSTEM32\WINMM.dll
0x00007ff934760000 - 0x00007ff9347ab000 	C:\Windows\SYSTEM32\POWRPROF.dll
0x00007ff92e1d0000 - 0x00007ff92e1da000 	C:\Windows\SYSTEM32\VERSION.dll
0x00007ff936180000 - 0x00007ff9361eb000 	C:\Windows\System32\WS2_32.dll
0x00007ff934620000 - 0x00007ff934632000 	C:\Windows\SYSTEM32\UMPDC.dll
0x00007ff9330b0000 - 0x00007ff9330c2000 	C:\Windows\SYSTEM32\kernel.appcore.dll
0x00007ff931400000 - 0x00007ff93140a000 	C:\Users\carol\.jdks\corretto-17.0.11\bin\jimage.dll
0x00007ff92a090000 - 0x00007ff92a274000 	C:\Windows\SYSTEM32\DBGHELP.DLL
0x00007ff91e2f0000 - 0x00007ff91e324000 	C:\Windows\SYSTEM32\dbgcore.DLL
0x00007ff935950000 - 0x00007ff9359d2000 	C:\Windows\System32\bcryptPrimitives.dll
0x00007ff918c00000 - 0x00007ff918c0e000 	C:\Users\carol\.jdks\corretto-17.0.11\bin\instrument.dll
0x00007ff928db0000 - 0x00007ff928dd5000 	C:\Users\carol\.jdks\corretto-17.0.11\bin\java.dll

dbghelp: loaded successfully - version: 4.0.5 - missing functions: none
symbol engine: initialized successfully - sym options: 0x614 - pdb path: .;C:\Users\carol\.jdks\corretto-17.0.11\bin;C:\Windows\SYSTEM32;C:\Windows\WinSxS\amd64_microsoft.windows.common-controls_6595b64144ccf1df_6.0.19041.4355_none_60b8b9eb71f62e16;C:\Users\carol\.jdks\corretto-17.0.11\bin\server

VM Arguments:
jvm_args: -XX:TieredStopAtLevel=1 -Dspring.output.ansi.enabled=always -Dcom.sun.management.jmxremote -Dspring.jmx.enabled=true -Dspring.liveBeansView.mbeanDomain -Dspring.application.admin.enabled=true -Dmanagement.endpoints.jmx.exposure.include=* -javaagent:C:\Program Files\JetBrains\IntelliJ IDEA 2024.1.4\lib\idea_rt.jar=61700:C:\Program Files\JetBrains\IntelliJ IDEA 2024.1.4\bin -Dfile.encoding=UTF-8 
java_command: com.test.wallet_demo.WalletDemoApplication
java_class_path (initial): C:\Users\carol\OneDrive\Documentos\dev\wallet-demo\target\classes;C:\Users\carol\.m2\repository\org\springframework\boot\spring-boot-starter-actuator\3.3.1\spring-boot-starter-actuator-3.3.1.jar;C:\Users\carol\.m2\repository\org\springframework\boot\spring-boot-starter\3.3.1\spring-boot-starter-3.3.1.jar;C:\Users\carol\.m2\repository\org\springframework\boot\spring-boot\3.3.1\spring-boot-3.3.1.jar;C:\Users\carol\.m2\repository\org\springframework\boot\spring-boot-autoconfigure\3.3.1\spring-boot-autoconfigure-3.3.1.jar;C:\Users\carol\.m2\repository\org\springframework\boot\spring-boot-starter-logging\3.3.1\spring-boot-starter-logging-3.3.1.jar;C:\Users\carol\.m2\repository\ch\qos\logback\logback-classic\1.5.6\logback-classic-1.5.6.jar;C:\Users\carol\.m2\repository\ch\qos\logback\logback-core\1.5.6\logback-core-1.5.6.jar;C:\Users\carol\.m2\repository\org\apache\logging\log4j\log4j-to-slf4j\2.23.1\log4j-to-slf4j-2.23.1.jar;C:\Users\carol\.m2\repository\org\apache\logging\log4j\log4j-api\2.23.1\log4j-api-2.23.1.jar;C:\Users\carol\.m2\repository\org\slf4j\jul-to-slf4j\2.0.13\jul-to-slf4j-2.0.13.jar;C:\Users\carol\.m2\repository\jakarta\annotation\jakarta.annotation-api\2.1.1\jakarta.annotation-api-2.1.1.jar;C:\Users\carol\.m2\repository\org\yaml\snakeyaml\2.2\snakeyaml-2.2.jar;C:\Users\carol\.m2\repository\org\springframework\boot\spring-boot-actuator-autoconfigure\3.3.1\spring-boot-actuator-autoconfigure-3.3.1.jar;C:\Users\carol\.m2\repository\org\springframework\boot\spring-boot-actuator\3.3.1\spring-boot-actuator-3.3.1.jar;C:\Users\carol\.m2\repository\com\fasterxml\jackson\core\jackson-databind\2.17.1\jackson-databind-2.17.1.jar;C:\Users\carol\.m2\repository\com\fasterxml\jackson\core\jackson-annotations\2.17.1\jackson-annotations-2.17.1.jar;C:\Users\carol\.m2\repository\com\fasterxml\jackson\datatype\jackson-datatype-jsr310\2.17.1\jackson-datatype-jsr310-2.17.1.jar;C:\Users\carol\.m2\repository\io\micrometer\micrometer-observation\1.13.1
Launcher Type: SUN_STANDARD

[Global flags]
     intx CICompilerCount                          = 4                                         {product} {ergonomic}
     uint ConcGCThreads                            = 2                                         {product} {ergonomic}
     uint G1ConcRefinementThreads                  = 8                                         {product} {ergonomic}
   size_t G1HeapRegionSize                         = 2097152                                   {product} {ergonomic}
    uintx GCDrainStackTargetSize                   = 64                                        {product} {ergonomic}
   size_t InitialHeapSize                          = 268435456                                 {product} {ergonomic}
     bool ManagementServer                         = true                                      {product} {command line}
   size_t MarkStackSize                            = 4194304                                   {product} {ergonomic}
   size_t MaxHeapSize                              = 4265607168                                {product} {ergonomic}
   size_t MinHeapDeltaBytes                        = 2097152                                   {product} {ergonomic}
   size_t MinHeapSize                              = 8388608                                   {product} {ergonomic}
    uintx NonProfiledCodeHeapSize                  = 0                                      {pd product} {ergonomic}
     bool ProfileInterpreter                       = false                                  {pd product} {command line}
    uintx ProfiledCodeHeapSize                     = 0                                      {pd product} {ergonomic}
   size_t SoftMaxHeapSize                          = 4265607168                             {manageable} {ergonomic}
     intx TieredStopAtLevel                        = 1                                         {product} {command line}
     bool UseCompressedClassPointers               = true                           {product lp64_product} {ergonomic}
     bool UseCompressedOops                        = true                           {product lp64_product} {ergonomic}
     bool UseG1GC                                  = true                                      {product} {ergonomic}
     bool UseLargePagesIndividualAllocation        = false                                  {pd product} {ergonomic}

Logging:
Log output configuration:
 #0: stdout all=warning uptime,level,tags
 #1: stderr all=off uptime,level,tags

Environment Variables:
PATH=C:\Python312\Scripts\;C:\Python312\;C:\Windows\system32;C:\Windows;C:\Windows\System32\Wbem;C:\Windows\System32\WindowsPowerShell\v1.0\;C:\Windows\System32\OpenSSH\;C:\Program Files\NVIDIA Corporation\NVIDIA NvDLISR;C:\Program Files (x86)\NVIDIA Corporation\PhysX\Common;C:\Program Files\dotnet\;C:\Program Files\Git\cmd;C:\Program Files\nodejs\;C:\ProgramData\chocolatey\bin;C:\Users\carol\AppData\Local\Microsoft\WindowsApps;;C:\Users\carol\AppData\Local\Programs\Microsoft VS Code\bin;C:\Users\carol\.dotnet\tools;C:\Users\carol\AppData\Roaming\npm
USERNAME=carol
OS=Windows_NT
PROCESSOR_IDENTIFIER=Intel64 Family 6 Model 158 Stepping 9, GenuineIntel
TMP=C:\Users\carol\AppData\Local\Temp
TEMP=C:\Users\carol\AppData\Local\Temp



Periodic native trim disabled


---------------  S Y S T E M  ---------------

OS:
 Windows 10 , 64 bit Build 19041 (10.0.19041.3636)
OS uptime: 0 days 15:33 hours

CPU: total 8 (initial active 8) (4 cores per cpu, 2 threads per core) family 6 model 158 stepping 9 microcode 0xb4, cx8, cmov, fxsr, ht, mmx, 3dnowpref, sse, sse2, sse3, ssse3, sse4.1, sse4.2, popcnt, lzcnt, tsc, tscinvbit, avx, avx2, aes, erms, clmul, bmi1, bmi2, adx, fma, vzeroupper, clflush, clflushopt
Processor Information for all 8 processors :
  Max Mhz: 2808, Current Mhz: 2808, Mhz Limit: 2808

Memory: 4k page, system-wide physical 16267M (1843M free)
TotalPageFile size 16267M (AvailPageFile size 183M)
current process WorkingSet (physical memory assigned to process): 10M, peak: 10M
current process commit charge ("private bytes"): 55M, peak: 311M

vm_info: OpenJDK 64-Bit Server VM (17.0.11+9-LTS) for windows-amd64 JRE (17.0.11+9-LTS), built on Apr 10 2024 22:12:24 by "Administrator" with MS VC++ 16.10 / 16.11 (VS2019)

END.
